{"/Users/apoorvsarkar/Desktop/Namaste React New/mocks/fileMock.js": {"path":"/Users/apoorvsarkar/Desktop/Namaste React New/mocks/fileMock.js","statementMap":{"0":{"start":{"line":1,"column":0},"end":{"line":1,"column":34}}},"fnMap":{},"branchMap":{},"s":{"0":1},"f":{},"b":{},"_coverageSchema":"1a1c01bbd47fc00a2c39e90264f33305004495a9","hash":"9c6313cebb5d72ddc926873ca2e3e8f0f287a2fd"}
,"/Users/apoorvsarkar/Desktop/Namaste React New/src/components/Body.jsx": {"path":"/Users/apoorvsarkar/Desktop/Namaste React New/src/components/Body.jsx","statementMap":{"0":{"start":{"line":44,"column":13},"end":{"line":133,"column":3}},"1":{"start":{"line":46,"column":38},"end":{"line":46,"column":50}},"2":{"start":{"line":48,"column":23},"end":{"line":48,"column":40}},"3":{"start":{"line":50,"column":64},"end":{"line":50,"column":84}},"4":{"start":{"line":52,"column":27},"end":{"line":52,"column":63}},"5":{"start":{"line":66,"column":38},"end":{"line":77,"column":6}},"6":{"start":{"line":67,"column":29},"end":{"line":67,"column":44}},"7":{"start":{"line":68,"column":6},"end":{"line":75,"column":7}},"8":{"start":{"line":69,"column":8},"end":{"line":74,"column":10}},"9":{"start":{"line":76,"column":8},"end":{"line":76,"column":21}},"10":{"start":{"line":79,"column":4},"end":{"line":79,"column":51}},"11":{"start":{"line":83,"column":4},"end":{"line":83,"column":52}},"12":{"start":{"line":87,"column":4},"end":{"line":87,"column":22}},"13":{"start":{"line":88,"column":4},"end":{"line":88,"column":38}},"14":{"start":{"line":89,"column":4},"end":{"line":89,"column":55}},"15":{"start":{"line":93,"column":27},"end":{"line":93,"column":95}},"16":{"start":{"line":93,"column":63},"end":{"line":93,"column":94}},"17":{"start":{"line":94,"column":4},"end":{"line":94,"column":40}},"18":{"start":{"line":105,"column":2},"end":{"line":107,"column":3}},"19":{"start":{"line":106,"column":4},"end":{"line":106,"column":86}},"20":{"start":{"line":109,"column":4},"end":{"line":132,"column":5}},"21":{"start":{"line":123,"column":10},"end":{"line":129,"column":11}}},"fnMap":{"0":{"name":"(anonymous_0)","decl":{"start":{"line":44,"column":13},"end":{"line":44,"column":14}},"loc":{"start":{"line":44,"column":18},"end":{"line":133,"column":3}},"line":44},"1":{"name":"searchRestaurants","decl":{"start":{"line":65,"column":11},"end":{"line":65,"column":28}},"loc":{"start":{"line":65,"column":31},"end":{"line":80,"column":3}},"line":65},"2":{"name":"(anonymous_2)","decl":{"start":{"line":66,"column":58},"end":{"line":66,"column":59}},"loc":{"start":{"line":66,"column":74},"end":{"line":77,"column":5}},"line":66},"3":{"name":"handleSearchChange","decl":{"start":{"line":82,"column":11},"end":{"line":82,"column":29}},"loc":{"start":{"line":82,"column":37},"end":{"line":84,"column":3}},"line":82},"4":{"name":"clearSearch","decl":{"start":{"line":86,"column":11},"end":{"line":86,"column":22}},"loc":{"start":{"line":86,"column":25},"end":{"line":90,"column":3}},"line":86},"5":{"name":"topRatedRestaurant","decl":{"start":{"line":92,"column":11},"end":{"line":92,"column":29}},"loc":{"start":{"line":92,"column":31},"end":{"line":95,"column":3}},"line":92},"6":{"name":"(anonymous_6)","decl":{"start":{"line":93,"column":47},"end":{"line":93,"column":48}},"loc":{"start":{"line":93,"column":63},"end":{"line":93,"column":94}},"line":93},"7":{"name":"(anonymous_7)","decl":{"start":{"line":122,"column":30},"end":{"line":122,"column":31}},"loc":{"start":{"line":122,"column":48},"end":{"line":130,"column":9}},"line":122}},"branchMap":{"0":{"loc":{"start":{"line":68,"column":6},"end":{"line":75,"column":7}},"type":"if","locations":[{"start":{"line":68,"column":6},"end":{"line":75,"column":7}},{"start":{},"end":{}}],"line":68},"1":{"loc":{"start":{"line":70,"column":10},"end":{"line":73,"column":127}},"type":"binary-expr","locations":[{"start":{"line":70,"column":10},"end":{"line":70,"column":94}},{"start":{"line":71,"column":10},"end":{"line":71,"column":107}},{"start":{"line":72,"column":11},"end":{"line":72,"column":34}},{"start":{"line":72,"column":38},"end":{"line":72,"column":126}},{"start":{"line":73,"column":11},"end":{"line":73,"column":34}},{"start":{"line":73,"column":38},"end":{"line":73,"column":126}}],"line":70},"2":{"loc":{"start":{"line":105,"column":2},"end":{"line":107,"column":3}},"type":"if","locations":[{"start":{"line":105,"column":2},"end":{"line":107,"column":3}},{"start":{},"end":{}}],"line":105},"3":{"loc":{"start":{"line":109,"column":11},"end":{"line":132,"column":5}},"type":"cond-expr","locations":[{"start":{"line":109,"column":39},"end":{"line":109,"column":49}},{"start":{"line":110,"column":6},"end":{"line":131,"column":12}}],"line":109},"4":{"loc":{"start":{"line":126,"column":13},"end":{"line":126,"column":219}},"type":"cond-expr","locations":[{"start":{"line":126,"column":95},"end":{"line":126,"column":152}},{"start":{"line":126,"column":157},"end":{"line":126,"column":218}}],"line":126},"5":{"loc":{"start":{"line":126,"column":13},"end":{"line":126,"column":91}},"type":"binary-expr","locations":[{"start":{"line":126,"column":13},"end":{"line":126,"column":80}},{"start":{"line":126,"column":84},"end":{"line":126,"column":91}}],"line":126}},"s":{"0":1,"1":6,"2":6,"3":6,"4":6,"5":1,"6":20,"7":20,"8":20,"9":0,"10":1,"11":1,"12":0,"13":0,"14":0,"15":0,"16":0,"17":0,"18":6,"19":0,"20":6,"21":63},"f":{"0":6,"1":1,"2":20,"3":1,"4":0,"5":0,"6":0,"7":63},"b":{"0":[20,0],"1":[20,17,17,17,17,17],"2":[0,6],"3":[2,4],"4":[63,0],"5":[63,40]},"_coverageSchema":"1a1c01bbd47fc00a2c39e90264f33305004495a9","hash":"04f1a281d769412dabec7e7e1689df748d791162"}
,"/Users/apoorvsarkar/Desktop/Namaste React New/src/components/Contact.jsx": {"path":"/Users/apoorvsarkar/Desktop/Namaste React New/src/components/Contact.jsx","statementMap":{"0":{"start":{"line":3,"column":16},"end":{"line":15,"column":1}},"1":{"start":{"line":4,"column":4},"end":{"line":14,"column":5}}},"fnMap":{"0":{"name":"(anonymous_0)","decl":{"start":{"line":3,"column":16},"end":{"line":3,"column":17}},"loc":{"start":{"line":3,"column":22},"end":{"line":15,"column":1}},"line":3}},"branchMap":{},"s":{"0":1,"1":1},"f":{"0":1},"b":{},"_coverageSchema":"1a1c01bbd47fc00a2c39e90264f33305004495a9","hash":"69e9a3cc494662c9fec6c27449c6a30a957c62e0"}
,"/Users/apoorvsarkar/Desktop/Namaste React New/src/components/Header.jsx": {"path":"/Users/apoorvsarkar/Desktop/Namaste React New/src/components/Header.jsx","statementMap":{"0":{"start":{"line":10,"column":15},"end":{"line":43,"column":3}},"1":{"start":{"line":11,"column":32},"end":{"line":11,"column":49}},"2":{"start":{"line":13,"column":23},"end":{"line":13,"column":40}},"3":{"start":{"line":15,"column":25},"end":{"line":15,"column":48}},"4":{"start":{"line":17,"column":20},"end":{"line":17,"column":59}},"5":{"start":{"line":17,"column":42},"end":{"line":17,"column":58}},"6":{"start":{"line":20,"column":4},"end":{"line":42,"column":5}},"7":{"start":{"line":35,"column":14},"end":{"line":35,"column":79}}},"fnMap":{"0":{"name":"(anonymous_0)","decl":{"start":{"line":10,"column":15},"end":{"line":10,"column":16}},"loc":{"start":{"line":10,"column":20},"end":{"line":43,"column":3}},"line":10},"1":{"name":"(anonymous_1)","decl":{"start":{"line":17,"column":32},"end":{"line":17,"column":33}},"loc":{"start":{"line":17,"column":42},"end":{"line":17,"column":58}},"line":17},"2":{"name":"(anonymous_2)","decl":{"start":{"line":34,"column":83},"end":{"line":34,"column":84}},"loc":{"start":{"line":34,"column":87},"end":{"line":36,"column":13}},"line":34}},"branchMap":{"0":{"loc":{"start":{"line":28,"column":38},"end":{"line":28,"column":106}},"type":"cond-expr","locations":[{"start":{"line":28,"column":53},"end":{"line":28,"column":78}},{"start":{"line":28,"column":81},"end":{"line":28,"column":106}}],"line":28},"1":{"loc":{"start":{"line":35,"column":14},"end":{"line":35,"column":78}},"type":"cond-expr","locations":[{"start":{"line":35,"column":36},"end":{"line":35,"column":56}},{"start":{"line":35,"column":59},"end":{"line":35,"column":78}}],"line":35}},"s":{"0":1,"1":3,"2":3,"3":3,"4":3,"5":5,"6":3,"7":1},"f":{"0":3,"1":5,"2":1},"b":{"0":[3,0],"1":[1,0]},"_coverageSchema":"1a1c01bbd47fc00a2c39e90264f33305004495a9","hash":"cd4cb3321d5b08f7bd3b7570b9a3c2db9820f1c7"}
,"/Users/apoorvsarkar/Desktop/Namaste React New/src/components/RestaurantContainer.jsx": {"path":"/Users/apoorvsarkar/Desktop/Namaste React New/src/components/RestaurantContainer.jsx","statementMap":{"0":{"start":{"line":5,"column":28},"end":{"line":27,"column":3}},"1":{"start":{"line":7,"column":101},"end":{"line":7,"column":123}},"2":{"start":{"line":9,"column":24},"end":{"line":9,"column":43}},"3":{"start":{"line":10,"column":30},"end":{"line":10,"column":102}},"4":{"start":{"line":11,"column":26},"end":{"line":11,"column":78}},"5":{"start":{"line":12,"column":30},"end":{"line":12,"column":161}},"6":{"start":{"line":15,"column":4},"end":{"line":26,"column":5}},"7":{"start":{"line":29,"column":31},"end":{"line":41,"column":1}},"8":{"start":{"line":30,"column":2},"end":{"line":40,"column":3}},"9":{"start":{"line":31,"column":69},"end":{"line":31,"column":74}},"10":{"start":{"line":32,"column":4},"end":{"line":39,"column":5}}},"fnMap":{"0":{"name":"(anonymous_0)","decl":{"start":{"line":5,"column":28},"end":{"line":5,"column":29}},"loc":{"start":{"line":5,"column":52},"end":{"line":27,"column":3}},"line":5},"1":{"name":"(anonymous_1)","decl":{"start":{"line":29,"column":31},"end":{"line":29,"column":32}},"loc":{"start":{"line":29,"column":56},"end":{"line":41,"column":1}},"line":29},"2":{"name":"(anonymous_2)","decl":{"start":{"line":30,"column":9},"end":{"line":30,"column":10}},"loc":{"start":{"line":30,"column":20},"end":{"line":40,"column":3}},"line":30}},"branchMap":{"0":{"loc":{"start":{"line":10,"column":30},"end":{"line":10,"column":102}},"type":"cond-expr","locations":[{"start":{"line":10,"column":56},"end":{"line":10,"column":88}},{"start":{"line":10,"column":91},"end":{"line":10,"column":102}}],"line":10},"1":{"loc":{"start":{"line":11,"column":26},"end":{"line":11,"column":78}},"type":"cond-expr","locations":[{"start":{"line":11,"column":46},"end":{"line":11,"column":50}},{"start":{"line":11,"column":53},"end":{"line":11,"column":78}}],"line":11},"2":{"loc":{"start":{"line":12,"column":30},"end":{"line":12,"column":161}},"type":"cond-expr","locations":[{"start":{"line":12,"column":79},"end":{"line":12,"column":125}},{"start":{"line":12,"column":128},"end":{"line":12,"column":161}}],"line":12},"3":{"loc":{"start":{"line":17,"column":13},"end":{"line":17,"column":293}},"type":"cond-expr","locations":[{"start":{"line":17,"column":123},"end":{"line":17,"column":187}},{"start":{"line":17,"column":190},"end":{"line":17,"column":293}}],"line":17},"4":{"loc":{"start":{"line":35,"column":11},"end":{"line":35,"column":276}},"type":"binary-expr","locations":[{"start":{"line":35,"column":11},"end":{"line":35,"column":43}},{"start":{"line":35,"column":47},"end":{"line":35,"column":276}}],"line":35}},"s":{"0":2,"1":64,"2":64,"3":64,"4":64,"5":64,"6":64,"7":2,"8":6,"9":63,"10":63},"f":{"0":64,"1":6,"2":63},"b":{"0":[45,19],"1":[45,19],"2":[3,61],"3":[3,61],"4":[63,60]},"_coverageSchema":"1a1c01bbd47fc00a2c39e90264f33305004495a9","hash":"544140c5204fec8812deedc7a958d22378ae9538"}
,"/Users/apoorvsarkar/Desktop/Namaste React New/src/components/Shimmer.jsx": {"path":"/Users/apoorvsarkar/Desktop/Namaste React New/src/components/Shimmer.jsx","statementMap":{"0":{"start":{"line":2,"column":16},"end":{"line":26,"column":1}},"1":{"start":{"line":3,"column":4},"end":{"line":25,"column":5}},"2":{"start":{"line":17,"column":16},"end":{"line":21,"column":26}}},"fnMap":{"0":{"name":"(anonymous_0)","decl":{"start":{"line":2,"column":16},"end":{"line":2,"column":17}},"loc":{"start":{"line":2,"column":21},"end":{"line":26,"column":1}},"line":2},"1":{"name":"(anonymous_1)","decl":{"start":{"line":16,"column":55},"end":{"line":16,"column":56}},"loc":{"start":{"line":16,"column":64},"end":{"line":22,"column":13}},"line":16}},"branchMap":{},"s":{"0":1,"1":2,"2":30},"f":{"0":2,"1":30},"b":{},"_coverageSchema":"1a1c01bbd47fc00a2c39e90264f33305004495a9","hash":"eccee2867ea0c1e0843250d78ed3bb2452f81334"}
,"/Users/apoorvsarkar/Desktop/Namaste React New/src/components/sum.js": {"path":"/Users/apoorvsarkar/Desktop/Namaste React New/src/components/sum.js","statementMap":{"0":{"start":{"line":1,"column":19},"end":{"line":3,"column":1}},"1":{"start":{"line":2,"column":4},"end":{"line":2,"column":15}}},"fnMap":{"0":{"name":"(anonymous_0)","decl":{"start":{"line":1,"column":19},"end":{"line":1,"column":20}},"loc":{"start":{"line":1,"column":28},"end":{"line":3,"column":1}},"line":1}},"branchMap":{},"s":{"0":1,"1":1},"f":{"0":1},"b":{},"_coverageSchema":"1a1c01bbd47fc00a2c39e90264f33305004495a9","hash":"96bcbb6a7f9b4ac2b2ae89648c418548923dc2ac"}
,"/Users/apoorvsarkar/Desktop/Namaste React New/src/utils/appStore.js": {"path":"/Users/apoorvsarkar/Desktop/Namaste React New/src/utils/appStore.js","statementMap":{"0":{"start":{"line":5,"column":17},"end":{"line":10,"column":2}},"1":{"start":{"line":12,"column":0},"end":{"line":12,"column":57}},"2":{"start":{"line":12,"column":24},"end":{"line":12,"column":56}}},"fnMap":{"0":{"name":"(anonymous_0)","decl":{"start":{"line":12,"column":19},"end":{"line":12,"column":20}},"loc":{"start":{"line":12,"column":24},"end":{"line":12,"column":56}},"line":12}},"branchMap":{},"s":{"0":1,"1":1,"2":0},"f":{"0":0},"b":{},"_coverageSchema":"1a1c01bbd47fc00a2c39e90264f33305004495a9","hash":"8ad54de1ba319385870a5ab451097bf0e35bc793"}
,"/Users/apoorvsarkar/Desktop/Namaste React New/src/utils/cartSlice.js": {"path":"/Users/apoorvsarkar/Desktop/Namaste React New/src/utils/cartSlice.js","statementMap":{"0":{"start":{"line":3,"column":18},"end":{"line":19,"column":2}},"1":{"start":{"line":10,"column":12},"end":{"line":10,"column":45}},"2":{"start":{"line":13,"column":12},"end":{"line":13,"column":30}},"3":{"start":{"line":16,"column":12},"end":{"line":16,"column":35}},"4":{"start":{"line":21,"column":48},"end":{"line":21,"column":65}}},"fnMap":{"0":{"name":"(anonymous_0)","decl":{"start":{"line":9,"column":18},"end":{"line":9,"column":19}},"loc":{"start":{"line":9,"column":35},"end":{"line":11,"column":9}},"line":9},"1":{"name":"(anonymous_1)","decl":{"start":{"line":12,"column":21},"end":{"line":12,"column":22}},"loc":{"start":{"line":12,"column":38},"end":{"line":14,"column":9}},"line":12},"2":{"name":"(anonymous_2)","decl":{"start":{"line":15,"column":20},"end":{"line":15,"column":21}},"loc":{"start":{"line":15,"column":37},"end":{"line":17,"column":9}},"line":15}},"branchMap":{},"s":{"0":1,"1":0,"2":0,"3":0,"4":1},"f":{"0":0,"1":0,"2":0},"b":{},"_coverageSchema":"1a1c01bbd47fc00a2c39e90264f33305004495a9","hash":"0588442d9c2019f3de37847eab37f332a0e014ce"}
,"/Users/apoorvsarkar/Desktop/Namaste React New/src/utils/constants.js": {"path":"/Users/apoorvsarkar/Desktop/Namaste React New/src/utils/constants.js","statementMap":{"0":{"start":{"line":3,"column":0},"end":{"line":3,"column":83}},"1":{"start":{"line":6,"column":0},"end":{"line":6,"column":122}},"2":{"start":{"line":9,"column":0},"end":{"line":9,"column":95}},"3":{"start":{"line":12,"column":0},"end":{"line":12,"column":137}}},"fnMap":{},"branchMap":{},"s":{"0":2,"1":2,"2":2,"3":2},"f":{},"b":{},"_coverageSchema":"1a1c01bbd47fc00a2c39e90264f33305004495a9","hash":"97a4871d05e77f05d395bf4c3505308f7cd39d27"}
,"/Users/apoorvsarkar/Desktop/Namaste React New/src/utils/restaurantNameSlice.js": {"path":"/Users/apoorvsarkar/Desktop/Namaste React New/src/utils/restaurantNameSlice.js","statementMap":{"0":{"start":{"line":3,"column":28},"end":{"line":17,"column":2}},"1":{"start":{"line":10,"column":12},"end":{"line":10,"column":42}},"2":{"start":{"line":14,"column":12},"end":{"line":14,"column":35}},"3":{"start":{"line":19,"column":56},"end":{"line":19,"column":83}}},"fnMap":{"0":{"name":"(anonymous_0)","decl":{"start":{"line":9,"column":28},"end":{"line":9,"column":29}},"loc":{"start":{"line":9,"column":45},"end":{"line":12,"column":9}},"line":9},"1":{"name":"(anonymous_1)","decl":{"start":{"line":13,"column":30},"end":{"line":13,"column":31}},"loc":{"start":{"line":13,"column":47},"end":{"line":15,"column":9}},"line":13}},"branchMap":{},"s":{"0":1,"1":0,"2":0,"3":1},"f":{"0":0,"1":0},"b":{},"_coverageSchema":"1a1c01bbd47fc00a2c39e90264f33305004495a9","hash":"ff9aa1b54a5bd5e956d990597f68ec2c4183f392"}
,"/Users/apoorvsarkar/Desktop/Namaste React New/src/utils/useOnlineStatus.js": {"path":"/Users/apoorvsarkar/Desktop/Namaste React New/src/utils/useOnlineStatus.js","statementMap":{"0":{"start":{"line":3,"column":24},"end":{"line":19,"column":1}},"1":{"start":{"line":5,"column":44},"end":{"line":5,"column":58}},"2":{"start":{"line":7,"column":4},"end":{"line":16,"column":10}},"3":{"start":{"line":8,"column":8},"end":{"line":10,"column":10}},"4":{"start":{"line":9,"column":12},"end":{"line":9,"column":34}},"5":{"start":{"line":12,"column":8},"end":{"line":14,"column":10}},"6":{"start":{"line":13,"column":12},"end":{"line":13,"column":33}},"7":{"start":{"line":18,"column":4},"end":{"line":18,"column":24}}},"fnMap":{"0":{"name":"(anonymous_0)","decl":{"start":{"line":3,"column":24},"end":{"line":3,"column":25}},"loc":{"start":{"line":3,"column":30},"end":{"line":19,"column":1}},"line":3},"1":{"name":"(anonymous_1)","decl":{"start":{"line":7,"column":14},"end":{"line":7,"column":15}},"loc":{"start":{"line":7,"column":18},"end":{"line":16,"column":5}},"line":7},"2":{"name":"(anonymous_2)","decl":{"start":{"line":8,"column":43},"end":{"line":8,"column":44}},"loc":{"start":{"line":8,"column":47},"end":{"line":10,"column":9}},"line":8},"3":{"name":"(anonymous_3)","decl":{"start":{"line":12,"column":42},"end":{"line":12,"column":43}},"loc":{"start":{"line":12,"column":46},"end":{"line":14,"column":9}},"line":12}},"branchMap":{},"s":{"0":2,"1":9,"2":9,"3":4,"4":0,"5":4,"6":0,"7":9},"f":{"0":9,"1":4,"2":0,"3":0},"b":{},"_coverageSchema":"1a1c01bbd47fc00a2c39e90264f33305004495a9","hash":"88059b0f6610d0a1b7a6311ef532805a8ead862b"}
,"/Users/apoorvsarkar/Desktop/Namaste React New/src/utils/useRestaurantCards.js": {"path":"/Users/apoorvsarkar/Desktop/Namaste React New/src/utils/useRestaurantCards.js","statementMap":{"0":{"start":{"line":4,"column":27},"end":{"line":46,"column":1}},"1":{"start":{"line":6,"column":44},"end":{"line":6,"column":56}},"2":{"start":{"line":7,"column":52},"end":{"line":7,"column":64}},"3":{"start":{"line":9,"column":22},"end":{"line":38,"column":5}},"4":{"start":{"line":10,"column":8},"end":{"line":37,"column":15}},"5":{"start":{"line":11,"column":25},"end":{"line":11,"column":48}},"6":{"start":{"line":12,"column":25},"end":{"line":12,"column":42}},"7":{"start":{"line":14,"column":37},"end":{"line":14,"column":41}},"8":{"start":{"line":16,"column":43},"end":{"line":20,"column":14}},"9":{"start":{"line":17,"column":16},"end":{"line":19,"column":17}},"10":{"start":{"line":18,"column":20},"end":{"line":18,"column":40}},"11":{"start":{"line":22,"column":41},"end":{"line":25,"column":14}},"12":{"start":{"line":27,"column":41},"end":{"line":29,"column":14}},"13":{"start":{"line":28,"column":16},"end":{"line":28,"column":101}},"14":{"start":{"line":28,"column":72},"end":{"line":28,"column":100}},"15":{"start":{"line":32,"column":12},"end":{"line":32,"column":50}},"16":{"start":{"line":33,"column":12},"end":{"line":33,"column":53}},"17":{"start":{"line":36,"column":16},"end":{"line":36,"column":28}},"18":{"start":{"line":40,"column":4},"end":{"line":42,"column":10}},"19":{"start":{"line":41,"column":8},"end":{"line":41,"column":20}},"20":{"start":{"line":44,"column":4},"end":{"line":44,"column":64}}},"fnMap":{"0":{"name":"(anonymous_0)","decl":{"start":{"line":4,"column":27},"end":{"line":4,"column":28}},"loc":{"start":{"line":4,"column":33},"end":{"line":46,"column":1}},"line":4},"1":{"name":"(anonymous_1)","decl":{"start":{"line":9,"column":22},"end":{"line":9,"column":23}},"loc":{"start":{"line":9,"column":33},"end":{"line":38,"column":5}},"line":9},"2":{"name":"(anonymous_2)","decl":{"start":{"line":16,"column":56},"end":{"line":16,"column":57}},"loc":{"start":{"line":16,"column":72},"end":{"line":20,"column":13}},"line":16},"3":{"name":"(anonymous_3)","decl":{"start":{"line":27,"column":69},"end":{"line":27,"column":70}},"loc":{"start":{"line":27,"column":84},"end":{"line":29,"column":13}},"line":27},"4":{"name":"(anonymous_4)","decl":{"start":{"line":28,"column":64},"end":{"line":28,"column":65}},"loc":{"start":{"line":28,"column":72},"end":{"line":28,"column":100}},"line":28},"5":{"name":"(anonymous_5)","decl":{"start":{"line":40,"column":14},"end":{"line":40,"column":15}},"loc":{"start":{"line":40,"column":18},"end":{"line":42,"column":5}},"line":40}},"branchMap":{"0":{"loc":{"start":{"line":17,"column":16},"end":{"line":19,"column":17}},"type":"if","locations":[{"start":{"line":17,"column":16},"end":{"line":19,"column":17}},{"start":{},"end":{}}],"line":17}},"s":{"0":1,"1":6,"2":6,"3":6,"4":2,"5":2,"6":2,"7":2,"8":2,"9":24,"10":4,"11":2,"12":2,"13":58,"14":510,"15":2,"16":2,"17":0,"18":6,"19":2,"20":6},"f":{"0":6,"1":2,"2":24,"3":58,"4":510,"5":2},"b":{"0":[4,20]},"_coverageSchema":"1a1c01bbd47fc00a2c39e90264f33305004495a9","hash":"db549bca8c49c9aab3ee19860cc5cdec637aee9d"}
,"/Users/apoorvsarkar/Desktop/Namaste React New/src/utils/userContext.js": {"path":"/Users/apoorvsarkar/Desktop/Namaste React New/src/utils/userContext.js","statementMap":{"0":{"start":{"line":3,"column":20},"end":{"line":5,"column":2}}},"fnMap":{},"branchMap":{},"s":{"0":1},"f":{},"b":{},"_coverageSchema":"1a1c01bbd47fc00a2c39e90264f33305004495a9","hash":"c5b2e9a9e7b61fdb43918aebb5bc0ffb4fdcf7d0"}
}
