TN:
SF:mocks/fileMock.js
FNF:0
FNH:0
DA:1,1
LF:1
LH:1
BRF:0
BRH:0
end_of_record
TN:
SF:src/components/Body.jsx
FN:44,(anonymous_0)
FN:65,searchRestaurants
FN:66,(anonymous_2)
FN:82,handleSearchChange
FN:86,clearSearch
FN:92,topRatedRestaurant
FN:93,(anonymous_6)
FN:122,(anonymous_7)
FNF:8
FNH:5
FNDA:6,(anonymous_0)
FNDA:1,searchRestaurants
FNDA:20,(anonymous_2)
FNDA:1,handleSearchChange
FNDA:0,clearSearch
FNDA:0,topRatedRestaurant
FNDA:0,(anonymous_6)
FNDA:63,(anonymous_7)
DA:44,1
DA:46,6
DA:48,6
DA:50,6
DA:52,6
DA:66,1
DA:67,20
DA:68,20
DA:69,20
DA:76,0
DA:79,1
DA:83,1
DA:87,0
DA:88,0
DA:89,0
DA:93,0
DA:94,0
DA:105,6
DA:106,0
DA:109,6
DA:123,63
LF:21
LH:14
BRDA:68,0,0,20
BRDA:68,0,1,0
BRDA:70,1,0,20
BRDA:70,1,1,17
BRDA:70,1,2,17
BRDA:70,1,3,17
BRDA:70,1,4,17
BRDA:70,1,5,17
BRDA:105,2,0,0
BRDA:105,2,1,6
BRDA:109,3,0,2
BRDA:109,3,1,4
BRDA:126,4,0,63
BRDA:126,4,1,0
BRDA:126,5,0,63
BRDA:126,5,1,40
BRF:16
BRH:13
end_of_record
TN:
SF:src/components/Contact.jsx
FN:3,(anonymous_0)
FNF:1
FNH:1
FNDA:1,(anonymous_0)
DA:3,1
DA:4,1
LF:2
LH:2
BRF:0
BRH:0
end_of_record
TN:
SF:src/components/Header.jsx
FN:10,(anonymous_0)
FN:17,(anonymous_1)
FN:34,(anonymous_2)
FNF:3
FNH:3
FNDA:3,(anonymous_0)
FNDA:5,(anonymous_1)
FNDA:1,(anonymous_2)
DA:10,1
DA:11,3
DA:13,3
DA:15,3
DA:17,5
DA:20,3
DA:35,1
LF:7
LH:7
BRDA:28,0,0,3
BRDA:28,0,1,0
BRDA:35,1,0,1
BRDA:35,1,1,0
BRF:4
BRH:2
end_of_record
TN:
SF:src/components/RestaurantContainer.jsx
FN:5,(anonymous_0)
FN:29,(anonymous_1)
FN:30,(anonymous_2)
FNF:3
FNH:3
FNDA:64,(anonymous_0)
FNDA:6,(anonymous_1)
FNDA:63,(anonymous_2)
DA:5,2
DA:7,64
DA:9,64
DA:10,64
DA:11,64
DA:12,64
DA:15,64
DA:29,2
DA:30,6
DA:31,63
DA:32,63
LF:11
LH:11
BRDA:10,0,0,45
BRDA:10,0,1,19
BRDA:11,1,0,45
BRDA:11,1,1,19
BRDA:12,2,0,3
BRDA:12,2,1,61
BRDA:17,3,0,3
BRDA:17,3,1,61
BRDA:35,4,0,63
BRDA:35,4,1,60
BRF:10
BRH:10
end_of_record
TN:
SF:src/components/Shimmer.jsx
FN:2,(anonymous_0)
FN:16,(anonymous_1)
FNF:2
FNH:2
FNDA:2,(anonymous_0)
FNDA:30,(anonymous_1)
DA:2,1
DA:3,2
DA:17,30
LF:3
LH:3
BRF:0
BRH:0
end_of_record
TN:
SF:src/components/sum.js
FN:1,(anonymous_0)
FNF:1
FNH:1
FNDA:1,(anonymous_0)
DA:1,1
DA:2,1
LF:2
LH:2
BRF:0
BRH:0
end_of_record
TN:
SF:src/utils/appStore.js
FN:12,(anonymous_0)
FNF:1
FNH:0
FNDA:0,(anonymous_0)
DA:5,1
DA:12,1
LF:2
LH:2
BRF:0
BRH:0
end_of_record
TN:
SF:src/utils/cartSlice.js
FN:9,(anonymous_0)
FN:12,(anonymous_1)
FN:15,(anonymous_2)
FNF:3
FNH:0
FNDA:0,(anonymous_0)
FNDA:0,(anonymous_1)
FNDA:0,(anonymous_2)
DA:3,1
DA:10,0
DA:13,0
DA:16,0
DA:21,1
LF:5
LH:2
BRF:0
BRH:0
end_of_record
TN:
SF:src/utils/constants.js
FNF:0
FNH:0
DA:3,2
DA:6,2
DA:9,2
DA:12,2
LF:4
LH:4
BRF:0
BRH:0
end_of_record
TN:
SF:src/utils/restaurantNameSlice.js
FN:9,(anonymous_0)
FN:13,(anonymous_1)
FNF:2
FNH:0
FNDA:0,(anonymous_0)
FNDA:0,(anonymous_1)
DA:3,1
DA:10,0
DA:14,0
DA:19,1
LF:4
LH:2
BRF:0
BRH:0
end_of_record
TN:
SF:src/utils/useOnlineStatus.js
FN:3,(anonymous_0)
FN:7,(anonymous_1)
FN:8,(anonymous_2)
FN:12,(anonymous_3)
FNF:4
FNH:2
FNDA:9,(anonymous_0)
FNDA:4,(anonymous_1)
FNDA:0,(anonymous_2)
FNDA:0,(anonymous_3)
DA:3,2
DA:5,9
DA:7,9
DA:8,4
DA:9,0
DA:12,4
DA:13,0
DA:18,9
LF:8
LH:6
BRF:0
BRH:0
end_of_record
TN:
SF:src/utils/useRestaurantCards.js
FN:4,(anonymous_0)
FN:9,(anonymous_1)
FN:16,(anonymous_2)
FN:27,(anonymous_3)
FN:28,(anonymous_4)
FN:40,(anonymous_5)
FNF:6
FNH:6
FNDA:6,(anonymous_0)
FNDA:2,(anonymous_1)
FNDA:24,(anonymous_2)
FNDA:58,(anonymous_3)
FNDA:510,(anonymous_4)
FNDA:2,(anonymous_5)
DA:4,1
DA:6,6
DA:7,6
DA:9,6
DA:10,2
DA:11,2
DA:12,2
DA:14,2
DA:16,2
DA:17,24
DA:18,4
DA:22,2
DA:27,2
DA:28,510
DA:32,2
DA:33,2
DA:36,0
DA:40,6
DA:41,2
DA:44,6
LF:20
LH:19
BRDA:17,0,0,4
BRDA:17,0,1,20
BRF:2
BRH:2
end_of_record
TN:
SF:src/utils/userContext.js
FNF:0
FNH:0
DA:3,1
LF:1
LH:1
BRF:0
BRH:0
end_of_record
